<?xml version="1.0" encoding="UTF-8"?>
<!-- Generated by org.testng.reporters.JUnitReportReporter -->
<testsuite hostname="LAPTOP-7UARP2T2" failures="0" tests="2" name="com.crm.qa.testcases.LoginPageTest" time="21.432" errors="0" timestamp="09 Aug. 2022 19:50:52 GMT" skipped="0">
  <testcase classname="com.crm.qa.testcases.LoginPageTest" name="loginPageTitletest" time="9.462"/>
  <testcase classname="com.crm.qa.testcases.LoginPageTest" name="loginTest" time="11.970"/>
</testsuite> <!-- com.crm.qa.testcases.LoginPageTest -->
