<?xml version="1.0" encoding="UTF-8"?>
<!-- Generated by org.testng.reporters.JUnitReportReporter -->
<testsuite hostname="LAPTOP-7UARP2T2" failures="0" tests="3" name="com.crm.qa.testcases.HomePageTest" time="33.522" errors="0" timestamp="09 Aug. 2022 19:50:52 GMT" skipped="0">
  <testcase classname="com.crm.qa.testcases.HomePageTest" name="verifyHomePageTitleTest" time="10.426"/>
  <testcase classname="com.crm.qa.testcases.HomePageTest" name="verifyUserNameTest" time="10.289"/>
  <testcase classname="com.crm.qa.testcases.HomePageTest" name="verifyContactsLinkTest" time="12.807"/>
</testsuite> <!-- com.crm.qa.testcases.HomePageTest -->
